# JRE version: OpenJDK Runtime Environment (8.0_242-b01) (build 1.8.0_242-release-1644-b01)
# Java VM: OpenJDK 64-Bit Server VM (25.242-b01 mixed mode windows-amd64 compressed oops)
Heap:
 PSYoungGen      total 510464K, used 448679K [0x00000000d5580000, 0x0000000100000000, 0x0000000100000000)
  eden space 453120K, 99% used [0x00000000d5580000,0x00000000f0ba9c40,0x00000000f1000000)
  from space 57344K, 0% used [0x00000000fc800000,0x00000000fc800000,0x0000000100000000)
  to   space 122880K, 38% used [0x00000000f1000000,0x00000000f3e03b48,0x00000000f8800000)
 ParOldGen       total 563712K, used 289485K [0x0000000080000000, 0x00000000a2680000, 0x00000000d5580000)
  object space 563712K, 51% used [0x0000000080000000,0x0000000091ab36d8,0x00000000a2680000)
 Metaspace       used 91219K, capacity 95512K, committed 95792K, reserved 1132544K
  class space    used 11891K, capacity 12718K, committed 12848K, reserved 1048576K
GC Heap History (10 events):
Event: 174.131 GC heap after
Heap after GC invocations=36 (full 5):
 PSYoungGen      total 633344K, used 28467K [0x00000000d5580000, 0x00000000ffd80000, 0x0000000100000000)
  eden space 574464K, 0% used [0x00000000d5580000,0x00000000d5580000,0x00000000f8680000)
  from space 58880K, 48% used [0x00000000f8680000,0x00000000fa24cd20,0x00000000fc000000)
  to   space 58368K, 0% used [0x00000000fc480000,0x00000000fc480000,0x00000000ffd80000)
 ParOldGen       total 347648K, used 154861K [0x0000000080000000, 0x0000000095380000, 0x00000000d5580000)
  object space 347648K, 44% used [0x0000000080000000,0x000000008973b5d8,0x0000000095380000)
 Metaspace       used 89739K, capacity 93784K, committed 94000K, reserved 1130496K
  class space    used 11728K, capacity 12540K, committed 12592K, reserved 1048576K
}
Event: 182.234 GC heap before
{Heap before GC invocations=37 (full 5):
 PSYoungGen      total 633344K, used 602931K [0x00000000d5580000, 0x00000000ffd80000, 0x0000000100000000)
  eden space 574464K, 100% used [0x00000000d5580000,0x00000000f8680000,0x00000000f8680000)
  from space 58880K, 48% used [0x00000000f8680000,0x00000000fa24cd20,0x00000000fc000000)
  to   space 58368K, 0% used [0x00000000fc480000,0x00000000fc480000,0x00000000ffd80000)
 ParOldGen       total 347648K, used 154861K [0x0000000080000000, 0x0000000095380000, 0x00000000d5580000)
  object space 347648K, 44% used [0x0000000080000000,0x000000008973b5d8,0x0000000095380000)
 Metaspace       used 90403K, capacity 94580K, committed 94896K, reserved 1132544K
  class space    used 11795K, capacity 12634K, committed 12720K, reserved 1048576K
Event: 182.373 GC heap after
Heap after GC invocations=37 (full 5):
 PSYoungGen      total 635904K, used 16719K [0x00000000d5580000, 0x00000000ff980000, 0x0000000100000000)
  eden space 581632K, 0% used [0x00000000d5580000,0x00000000d5580000,0x00000000f8d80000)
  from space 54272K, 30% used [0x00000000fc480000,0x00000000fd4d3f70,0x00000000ff980000)
  to   space 55296K, 0% used [0x00000000f8d80000,0x00000000f8d80000,0x00000000fc380000)
 ParOldGen       total 347648K, used 159098K [0x0000000080000000, 0x0000000095380000, 0x00000000d5580000)
  object space 347648K, 45% used [0x0000000080000000,0x0000000089b5e948,0x0000000095380000)
 Metaspace       used 90403K, capacity 94580K, committed 94896K, reserved 1132544K
  class space    used 11795K, capacity 12634K, committed 12720K, reserved 1048576K
}
Event: 192.687 GC heap before
{Heap before GC invocations=38 (full 5):
 PSYoungGen      total 635904K, used 598247K [0x00000000d5580000, 0x00000000ff980000, 0x0000000100000000)
  eden space 581632K, 99% used [0x00000000d5580000,0x00000000f8d65f68,0x00000000f8d80000)
  from space 54272K, 30% used [0x00000000fc480000,0x00000000fd4d3f70,0x00000000ff980000)
  to   space 55296K, 0% used [0x00000000f8d80000,0x00000000f8d80000,0x00000000fc380000)
 ParOldGen       total 347648K, used 159098K [0x0000000080000000, 0x0000000095380000, 0x00000000d5580000)
  object space 347648K, 45% used [0x0000000080000000,0x0000000089b5e948,0x0000000095380000)
 Metaspace       used 90492K, capacity 94674K, committed 94896K, reserved 1132544K
  class space    used 11796K, capacity 12635K, committed 12720K, reserved 1048576K
Event: 192.748 GC heap after
Heap after GC invocations=38 (full 5):
 PSYoungGen      total 636928K, used 35866K [0x00000000d5580000, 0x0000000100000000, 0x0000000100000000)
  eden space 581632K, 0% used [0x00000000d5580000,0x00000000d5580000,0x00000000f8d80000)
  from space 55296K, 64% used [0x00000000f8d80000,0x00000000fb086978,0x00000000fc380000)
  to   space 57344K, 0% used [0x00000000fc800000,0x00000000fc800000,0x0000000100000000)
 ParOldGen       total 347648K, used 159106K [0x0000000080000000, 0x0000000095380000, 0x00000000d5580000)
  object space 347648K, 45% used [0x0000000080000000,0x0000000089b60948,0x0000000095380000)
 Metaspace       used 90492K, capacity 94674K, committed 94896K, reserved 1132544K
  class space    used 11796K, capacity 12635K, committed 12720K, reserved 1048576K
}
Event: 203.409 GC heap before
{Heap before GC invocations=39 (full 5):
 PSYoungGen      total 636928K, used 617498K [0x00000000d5580000, 0x0000000100000000, 0x0000000100000000)
  eden space 581632K, 100% used [0x00000000d5580000,0x00000000f8d80000,0x00000000f8d80000)
  from space 55296K, 64% used [0x00000000f8d80000,0x00000000fb086978,0x00000000fc380000)
  to   space 57344K, 0% used [0x00000000fc800000,0x00000000fc800000,0x0000000100000000)
 ParOldGen       total 347648K, used 159106K [0x0000000080000000, 0x0000000095380000, 0x00000000d5580000)
  object space 347648K, 45% used [0x0000000080000000,0x0000000089b60948,0x0000000095380000)
 Metaspace       used 90560K, capacity 94738K, committed 94896K, reserved 1132544K
  class space    used 11797K, capacity 12635K, committed 12720K, reserved 1048576K
Event: 203.935 GC heap after
Heap after GC invocations=39 (full 5):
 PSYoungGen      total 510464K, used 57321K [0x00000000d5580000, 0x0000000100000000, 0x0000000100000000)
  eden space 453120K, 0% used [0x00000000d5580000,0x00000000d5580000,0x00000000f1000000)
  from space 57344K, 99% used [0x00000000fc800000,0x00000000ffffa750,0x0000000100000000)
  to   space 122880K, 0% used [0x00000000f1000000,0x00000000f1000000,0x00000000f8800000)
 ParOldGen       total 347648K, used 309548K [0x0000000080000000, 0x0000000095380000, 0x00000000d5580000)
  object space 347648K, 89% used [0x0000000080000000,0x0000000092e4b170,0x0000000095380000)
 Metaspace       used 90560K, capacity 94738K, committed 94896K, reserved 1132544K
  class space    used 11797K, capacity 12635K, committed 12720K, reserved 1048576K
}
Event: 203.935 GC heap before
{Heap before GC invocations=40 (full 6):
 PSYoungGen      total 510464K, used 57321K [0x00000000d5580000, 0x0000000100000000, 0x0000000100000000)
  eden space 453120K, 0% used [0x00000000d5580000,0x00000000d5580000,0x00000000f1000000)
  from space 57344K, 99% used [0x00000000fc800000,0x00000000ffffa750,0x0000000100000000)
  to   space 122880K, 0% used [0x00000000f1000000,0x00000000f1000000,0x00000000f8800000)
 ParOldGen       total 347648K, used 309548K [0x0000000080000000, 0x0000000095380000, 0x00000000d5580000)
  object space 347648K, 89% used [0x0000000080000000,0x0000000092e4b170,0x0000000095380000)
 Metaspace       used 90560K, capacity 94738K, committed 94896K, reserved 1132544K
  class space    used 11797K, capacity 12635K, committed 12720K, reserved 1048576K
Event: 206.860 GC heap after
Heap after GC invocations=40 (full 6):
 PSYoungGen      total 510464K, used 0K [0x00000000d5580000, 0x0000000100000000, 0x0000000100000000)
  eden space 453120K, 0% used [0x00000000d5580000,0x00000000d5580000,0x00000000f1000000)
  from space 57344K, 0% used [0x00000000fc800000,0x00000000fc800000,0x0000000100000000)
  to   space 122880K, 0% used [0x00000000f1000000,0x00000000f1000000,0x00000000f8800000)
 ParOldGen       total 563712K, used 280197K [0x0000000080000000, 0x00000000a2680000, 0x00000000d5580000)
  object space 563712K, 49% used [0x0000000080000000,0x00000000911a16f8,0x00000000a2680000)
 Metaspace       used 90560K, capacity 94738K, committed 94896K, reserved 1132544K
  class space    used 11797K, capacity 12635K, committed 12720K, reserved 1048576K
}
Event: 211.408 GC heap before
{Heap before GC invocations=41 (full 6):
 PSYoungGen      total 510464K, used 448679K [0x00000000d5580000, 0x0000000100000000, 0x0000000100000000)
  eden space 453120K, 99% used [0x00000000d5580000,0x00000000f0ba9c40,0x00000000f1000000)
  from space 57344K, 0% used [0x00000000fc800000,0x00000000fc800000,0x0000000100000000)
  to   space 122880K, 0% used [0x00000000f1000000,0x00000000f1000000,0x00000000f8800000)
 ParOldGen       total 563712K, used 289477K [0x0000000080000000, 0x00000000a2680000, 0x00000000d5580000)
  object space 563712K, 51% used [0x0000000080000000,0x0000000091ab16d8,0x00000000a2680000)
 Metaspace       used 91219K, capacity 95512K, committed 95792K, reserved 1132544K
  class space    used 11891K, capacity 12718K, committed 12848K, reserved 1048576K

