# JRE version: OpenJDK Runtime Environment (8.0_242-b01) (build 1.8.0_242-release-1644-b01)
# Java VM: OpenJDK 64-Bit Server VM (25.242-b01 mixed mode windows-amd64 compressed oops)
Heap:
 PSYoungGen      total 535040K, used 447753K [0x00000000d5580000, 0x00000000ff500000, 0x0000000100000000)
  eden space 389632K, 100% used [0x00000000d5580000,0x00000000ed200000,0x00000000ed200000)
  from space 145408K, 39% used [0x00000000ed200000,0x00000000f0ac2650,0x00000000f6000000)
  to   space 141824K, 82% used [0x00000000f6a80000,0x00000000fdd22f80,0x00000000ff500000)
 ParOldGen       total 723456K, used 476275K [0x0000000080000000, 0x00000000ac280000, 0x00000000d5580000)
  object space 723456K, 65% used [0x0000000080000000,0x000000009d11cfc0,0x00000000ac280000)
 Metaspace       used 167855K, capacity 178252K, committed 178608K, reserved 1204224K
  class space    used 21156K, capacity 23098K, committed 23216K, reserved 1048576K
GC Heap History (10 events):
Event: 3872.591 GC heap after
Heap after GC invocations=87 (full 10):
 PSYoungGen      total 524288K, used 54021K [0x00000000d5580000, 0x00000000fea00000, 0x0000000100000000)
  eden space 372224K, 0% used [0x00000000d5580000,0x00000000d5580000,0x00000000ec100000)
  from space 152064K, 35% used [0x00000000ec100000,0x00000000ef5c15a8,0x00000000f5580000)
  to   space 147968K, 0% used [0x00000000f5980000,0x00000000f5980000,0x00000000fea00000)
 ParOldGen       total 723456K, used 453387K [0x0000000080000000, 0x00000000ac280000, 0x00000000d5580000)
  object space 723456K, 62% used [0x0000000080000000,0x000000009bac2f18,0x00000000ac280000)
 Metaspace       used 167150K, capacity 177422K, committed 177712K, reserved 1204224K
  class space    used 21082K, capacity 23007K, committed 23088K, reserved 1048576K
}
Event: 3876.269 GC heap before
{Heap before GC invocations=88 (full 10):
 PSYoungGen      total 524288K, used 426245K [0x00000000d5580000, 0x00000000fea00000, 0x0000000100000000)
  eden space 372224K, 100% used [0x00000000d5580000,0x00000000ec100000,0x00000000ec100000)
  from space 152064K, 35% used [0x00000000ec100000,0x00000000ef5c15a8,0x00000000f5580000)
  to   space 147968K, 0% used [0x00000000f5980000,0x00000000f5980000,0x00000000fea00000)
 ParOldGen       total 723456K, used 453387K [0x0000000080000000, 0x00000000ac280000, 0x00000000d5580000)
  object space 723456K, 62% used [0x0000000080000000,0x000000009bac2f18,0x00000000ac280000)
 Metaspace       used 167175K, capacity 177440K, committed 177712K, reserved 1204224K
  class space    used 21087K, capacity 23010K, committed 23088K, reserved 1048576K
Event: 3876.475 GC heap after
Heap after GC invocations=88 (full 10):
 PSYoungGen      total 525312K, used 101535K [0x00000000d5580000, 0x00000000ff480000, 0x0000000100000000)
  eden space 377344K, 0% used [0x00000000d5580000,0x00000000d5580000,0x00000000ec600000)
  from space 147968K, 68% used [0x00000000f5980000,0x00000000fbca7d78,0x00000000fea00000)
  to   space 151040K, 0% used [0x00000000ec600000,0x00000000ec600000,0x00000000f5980000)
 ParOldGen       total 723456K, used 455642K [0x0000000080000000, 0x00000000ac280000, 0x00000000d5580000)
  object space 723456K, 62% used [0x0000000080000000,0x000000009bcf6818,0x00000000ac280000)
 Metaspace       used 167175K, capacity 177440K, committed 177712K, reserved 1204224K
  class space    used 21087K, capacity 23010K, committed 23088K, reserved 1048576K
}
Event: 3884.963 GC heap before
{Heap before GC invocations=89 (full 10):
 PSYoungGen      total 525312K, used 478879K [0x00000000d5580000, 0x00000000ff480000, 0x0000000100000000)
  eden space 377344K, 100% used [0x00000000d5580000,0x00000000ec600000,0x00000000ec600000)
  from space 147968K, 68% used [0x00000000f5980000,0x00000000fbca7d78,0x00000000fea00000)
  to   space 151040K, 0% used [0x00000000ec600000,0x00000000ec600000,0x00000000f5980000)
 ParOldGen       total 723456K, used 455642K [0x0000000080000000, 0x00000000ac280000, 0x00000000d5580000)
  object space 723456K, 62% used [0x0000000080000000,0x000000009bcf6818,0x00000000ac280000)
 Metaspace       used 167202K, capacity 177476K, committed 177712K, reserved 1204224K
  class space    used 21090K, capacity 23016K, committed 23088K, reserved 1048576K
Event: 3885.061 GC heap after
Heap after GC invocations=89 (full 10):
 PSYoungGen      total 528384K, used 58817K [0x00000000d5580000, 0x00000000fef80000, 0x0000000100000000)
  eden space 377344K, 0% used [0x00000000d5580000,0x00000000d5580000,0x00000000ec600000)
  from space 151040K, 38% used [0x00000000ec600000,0x00000000eff704a0,0x00000000f5980000)
  to   space 146432K, 0% used [0x00000000f6080000,0x00000000f6080000,0x00000000fef80000)
 ParOldGen       total 723456K, used 455674K [0x0000000080000000, 0x00000000ac280000, 0x00000000d5580000)
  object space 723456K, 62% used [0x0000000080000000,0x000000009bcfe818,0x00000000ac280000)
 Metaspace       used 167202K, capacity 177476K, committed 177712K, reserved 1204224K
  class space    used 21090K, capacity 23016K, committed 23088K, reserved 1048576K
}
Event: 3891.314 GC heap before
{Heap before GC invocations=90 (full 10):
 PSYoungGen      total 528384K, used 436161K [0x00000000d5580000, 0x00000000fef80000, 0x0000000100000000)
  eden space 377344K, 100% used [0x00000000d5580000,0x00000000ec600000,0x00000000ec600000)
  from space 151040K, 38% used [0x00000000ec600000,0x00000000eff704a0,0x00000000f5980000)
  to   space 146432K, 0% used [0x00000000f6080000,0x00000000f6080000,0x00000000fef80000)
 ParOldGen       total 723456K, used 455674K [0x0000000080000000, 0x00000000ac280000, 0x00000000d5580000)
  object space 723456K, 62% used [0x0000000080000000,0x000000009bcfe818,0x00000000ac280000)
 Metaspace       used 167801K, capacity 178158K, committed 178352K, reserved 1204224K
  class space    used 21151K, capacity 23093K, committed 23216K, reserved 1048576K
Event: 3891.479 GC heap after
Heap after GC invocations=90 (full 10):
 PSYoungGen      total 534528K, used 90901K [0x00000000d5580000, 0x00000000fee00000, 0x0000000100000000)
  eden space 389632K, 0% used [0x00000000d5580000,0x00000000d5580000,0x00000000ed200000)
  from space 144896K, 62% used [0x00000000f6080000,0x00000000fb945528,0x00000000fee00000)
  to   space 145408K, 0% used [0x00000000ed200000,0x00000000ed200000,0x00000000f6000000)
 ParOldGen       total 723456K, used 459663K [0x0000000080000000, 0x00000000ac280000, 0x00000000d5580000)
  object space 723456K, 63% used [0x0000000080000000,0x000000009c0e3c40,0x00000000ac280000)
 Metaspace       used 167801K, capacity 178158K, committed 178352K, reserved 1204224K
  class space    used 21151K, capacity 23093K, committed 23216K, reserved 1048576K
}
Event: 3897.269 GC heap before
{Heap before GC invocations=91 (full 10):
 PSYoungGen      total 534528K, used 480432K [0x00000000d5580000, 0x00000000fee00000, 0x0000000100000000)
  eden space 389632K, 99% used [0x00000000d5580000,0x00000000ed1e6d68,0x00000000ed200000)
  from space 144896K, 62% used [0x00000000f6080000,0x00000000fb945528,0x00000000fee00000)
  to   space 145408K, 0% used [0x00000000ed200000,0x00000000ed200000,0x00000000f6000000)
 ParOldGen       total 723456K, used 459663K [0x0000000080000000, 0x00000000ac280000, 0x00000000d5580000)
  object space 723456K, 63% used [0x0000000080000000,0x000000009c0e3c40,0x00000000ac280000)
 Metaspace       used 167836K, capacity 178240K, committed 178608K, reserved 1204224K
  class space    used 21153K, capacity 23096K, committed 23216K, reserved 1048576K
Event: 3897.465 GC heap after
Heap after GC invocations=91 (full 10):
 PSYoungGen      total 535040K, used 58121K [0x00000000d5580000, 0x00000000ff500000, 0x0000000100000000)
  eden space 389632K, 0% used [0x00000000d5580000,0x00000000d5580000,0x00000000ed200000)
  from space 145408K, 39% used [0x00000000ed200000,0x00000000f0ac2650,0x00000000f6000000)
  to   space 141824K, 0% used [0x00000000f6a80000,0x00000000f6a80000,0x00000000ff500000)
 ParOldGen       total 723456K, used 470573K [0x0000000080000000, 0x00000000ac280000, 0x00000000d5580000)
  object space 723456K, 65% used [0x0000000080000000,0x000000009cb8b430,0x00000000ac280000)
 Metaspace       used 167836K, capacity 178240K, committed 178608K, reserved 1204224K
  class space    used 21153K, capacity 23096K, committed 23216K, reserved 1048576K
}
Event: 3899.689 GC heap before
{Heap before GC invocations=92 (full 10):
 PSYoungGen      total 535040K, used 447753K [0x00000000d5580000, 0x00000000ff500000, 0x0000000100000000)
  eden space 389632K, 100% used [0x00000000d5580000,0x00000000ed200000,0x00000000ed200000)
  from space 145408K, 39% used [0x00000000ed200000,0x00000000f0ac2650,0x00000000f6000000)
  to   space 141824K, 0% used [0x00000000f6a80000,0x00000000f6a80000,0x00000000ff500000)
 ParOldGen       total 723456K, used 470573K [0x0000000080000000, 0x00000000ac280000, 0x00000000d5580000)
  object space 723456K, 65% used [0x0000000080000000,0x000000009cb8b430,0x00000000ac280000)
 Metaspace       used 167855K, capacity 178252K, committed 178608K, reserved 1204224K
  class space    used 21156K, capacity 23098K, committed 23216K, reserved 1048576K

